<?xml version="1.0" encoding="UTF-8"?>
<!-- Generated by org.testng.reporters.JUnitReportReporter -->
<testsuite hostname="Armans-Air.lan" failures="0" tests="1" name="pagesTest.HomePageTest" time="66.969" errors="0" timestamp="2023-11-05T22:00:54 EST" skipped="0">
  <testcase classname="pagesTest.HomePageTest" name="clickVehiclesTest" time="66.969"/>
</testsuite> <!-- pagesTest.HomePageTest -->
